{
  "RSpec": {
    "coverage": {
      "/home/watila/Documentos/projetos/standup_app/app/models/account.rb": {
        "lines": [
          1,
          1,
          null,
          1,
          null
        ]
      },
      "/home/watila/Documentos/projetos/standup_app/app/controllers/accounts_controller.rb": {
        "lines": [
          1,
          1,
          4,
          null,
          4,
          null,
          null,
          1,
          4,
          null,
          4,
          2,
          null,
          2,
          null,
          2,
          null,
          null,
          null,
          1,
          null,
          1,
          4,
          null,
          null
        ]
      },
      "/home/watila/Documentos/projetos/standup_app/app/controllers/application_controller.rb": {
        "lines": [
          1,
          1,
          1,
          null,
          1,
          null,
          1,
          20,
          10,
          null,
          10,
          null,
          null,
          null
        ]
      },
      "/home/watila/Documentos/projetos/standup_app/app/controllers/activity_controller.rb": {
        "lines": [
          1,
          1,
          null,
          null,
          1,
          null,
          null
        ]
      },
      "/home/watila/Documentos/projetos/standup_app/app/controllers/registrations_controller.rb": {
        "lines": [
          1,
          1,
          null,
          1,
          null,
          1,
          6,
          null,
          null,
          1,
          2,
          null,
          null
        ]
      },
      "/home/watila/Documentos/projetos/standup_app/app/channels/application_cable/channel.rb": {
        "lines": [
          0,
          0,
          0,
          0
        ],
        "branches": {
        }
      },
      "/home/watila/Documentos/projetos/standup_app/app/channels/application_cable/connection.rb": {
        "lines": [
          0,
          0,
          0,
          0
        ],
        "branches": {
        }
      },
      "/home/watila/Documentos/projetos/standup_app/app/helpers/activity_helper.rb": {
        "lines": [
          0,
          0
        ],
        "branches": {
        }
      },
      "/home/watila/Documentos/projetos/standup_app/app/helpers/application_helper.rb": {
        "lines": [
          0,
          0,
          0,
          0,
          0,
          0,
          0,
          0,
          0,
          null,
          0,
          0,
          0,
          null,
          0,
          0,
          0,
          0,
          null,
          0,
          0,
          0,
          0,
          0,
          0
        ],
        "branches": {
        }
      },
      "/home/watila/Documentos/projetos/standup_app/app/jobs/application_job.rb": {
        "lines": [
          0,
          null,
          null,
          null,
          null,
          null,
          0
        ],
        "branches": {
        }
      },
      "/home/watila/Documentos/projetos/standup_app/app/mailers/application_mailer.rb": {
        "lines": [
          0,
          0,
          0,
          0
        ],
        "branches": {
        }
      },
      "/home/watila/Documentos/projetos/standup_app/app/models/application_record.rb": {
        "lines": [
          0,
          0,
          null,
          0,
          0
        ],
        "branches": {
        }
      },
      "/home/watila/Documentos/projetos/standup_app/app/models/user.rb": {
        "lines": [
          0,
          null,
          null,
          0,
          0,
          null,
          0,
          0
        ],
        "branches": {
        }
      }
    },
    "timestamp": 1708034820
  }
}
